<?xml version="1.0" encoding="UTF-8"?>
<!-- Generated by org.testng.reporters.JUnitXMLReporter -->
<testsuite ignored="1" hostname="abhishek" failures="0" tests="11" name="Test" time="61.45" errors="0" timestamp="2025-07-30T11:25:55 EDT">
  <testcase classname="testScenarios.HandlingDynData" name="dynData" time="9.741"/>
  <testcase classname="testScenarios.Yahoo" name="openYahoo" time="32.065"/>
  <testcase classname="testScenarios.Yahoo" name="loginYahoo" time="3.128"/>
  <testcase classname="testScenarios.Yahoo" name="closeYahoo" time="0.402"/>
  <testcase classname="testScenarios.MouseHover" name="dataPicker" time="3.294"/>
  <testcase classname="testScenarios.MouseHover" name="dragAndDrop" time="6.394"/>
  <testcase classname="testScenarios.SwitchingWin" name="switchWin" time="3.298"/>
  <testcase classname="testScenarios.ThruTextFile" name="writeAndreadData" time="0.022"/>
  <testcase classname="testScenarios.CompareWebTableDAta" name="readDataFrmTxt" time="0.002"/>
  <testcase classname="testScenarios.CompareWebTableDAta" name="readDataFrmWT" time="3.006"/>
  <testcase classname="testScenarios.CompareWebTableDAta" name="compare" time="0.002"/>
  <testcase classname="testScenarios.Yahoo" name="loginYahoo1" time="0.0">
    <ignored/>
  </testcase> <!-- loginYahoo1 -->
</testsuite> <!-- Test -->
