<?xml version="1.0" encoding="UTF-8"?>
<!-- Generated by org.testng.reporters.JUnitXMLReporter -->
<testsuite ignored="1" hostname="abhishek" failures="0" tests="11" name="Test" time="35.343" errors="0" timestamp="2025-08-03T11:41:20 EDT">
  <testcase classname="testScenarios.HandlingDynData" name="dynData" time="8.512"/>
  <testcase classname="testScenarios.Yahoo" name="openYahoo" time="6.689"/>
  <testcase classname="testScenarios.Yahoo" name="loginYahoo" time="3.145"/>
  <testcase classname="testScenarios.Yahoo" name="closeYahoo" time="0.561"/>
  <testcase classname="testScenarios.MouseHover" name="dataPicker" time="2.714"/>
  <testcase classname="testScenarios.MouseHover" name="dragAndDrop" time="6.672"/>
  <testcase classname="testScenarios.SwitchingWin" name="switchWin" time="3.852"/>
  <testcase classname="testScenarios.ThruTextFile" name="writeAndreadData" time="0.02"/>
  <testcase classname="testScenarios.CompareWebTableDAta" name="readDataFrmTxt" time="0.002"/>
  <testcase classname="testScenarios.CompareWebTableDAta" name="readDataFrmWT" time="3.107"/>
  <testcase classname="testScenarios.CompareWebTableDAta" name="compare" time="0.001"/>
  <testcase classname="testScenarios.Yahoo" name="loginYahoo1" time="0.0">
    <ignored/>
  </testcase> <!-- loginYahoo1 -->
</testsuite> <!-- Test -->
