<?xml version="1.0" encoding="UTF-8"?>
<testsuite xmlns:xsi="http://www.w3.org/2001/XMLSchema-instance" xsi:noNamespaceSchemaLocation="https://maven.apache.org/surefire/maven-surefire-plugin/xsd/surefire-test-report.xsd" version="3.0.1" name="TestSuite" time="35.846" tests="11" errors="0" skipped="0" failures="0">
  <properties>
[...]
</properties>
  <testcase name="dynData" classname="testScenarios.HandlingDynData" time="8.515">
    <system-out><![CDATA[What is 2 + 3
2	3
5
Calculation is correct ...
]]></system-out>
    <system-err><![CDATA[SLF4J(W): No SLF4J providers were found.
SLF4J(W): Defaulting to no-operation (NOP) logger implementation
SLF4J(W): See https://www.slf4j.org/codes.html#noProviders for further details.
]]></system-err>
  </testcase>
  <testcase name="openYahoo" classname="testScenarios.Yahoo" time="6.689">
    <system-out><![CDATA[Launch Yahoo
]]></system-out>
    <system-err><![CDATA[Aug 03, 2025 11:40:53 AM org.openqa.selenium.manager.SeleniumManager lambda$runCommand$1
WARNING: There was an error managing msedgedriver (error sending request for url (https://msedgedriver.azureedge.net/LATEST_RELEASE_138_WINDOWS)); using driver found in the cache
]]></system-err>
  </testcase>
  <testcase name="loginYahoo" classname="testScenarios.Yahoo" time="3.146">
    <system-out><![CDATA[Login Yahoo
title=Login - Sign in to Yahoo
Assert executed...
]]></system-out>
  </testcase>
  <testcase name="closeYahoo" classname="testScenarios.Yahoo" time="0.561">
    <system-out><![CDATA[Close Yahoo
]]></system-out>
  </testcase>
  <testcase name="dataPicker" classname="testScenarios.MouseHover" time="2.714">
    <system-out><![CDATA[August	2025
September	2025
October	2025
November	2025
December	2025
January	2026
]]></system-out>
  </testcase>
  <testcase name="dragAndDrop" classname="testScenarios.MouseHover" time="6.673"/>
  <testcase name="switchWin" classname="testScenarios.SwitchingWin" time="3.853">
    <system-out><![CDATA[total windows opened=2
C8AACE95A190F09697E5B3190D7AEB56
868C7A71ACAEE9F43D79AF40B7EDB000
Window1 title=W3Schools Tryit Editor
Window2 title=W3Schools Online Web Tutorials
true
]]></system-out>
  </testcase>
  <testcase name="writeAndreadData" classname="testScenarios.ThruTextFile" time="0.023">
    <system-out><![CDATA[This is my First Line
This is my Second Line
This is my Third Line
]]></system-out>
  </testcase>
  <testcase name="readDataFrmTxt" classname="testScenarios.CompareWebTableDAta" time="0.002">
    <system-out><![CDATA[Expected Row Count=3
]]></system-out>
  </testcase>
  <testcase name="readDataFrmWT" classname="testScenarios.CompareWebTableDAta" time="3.106">
    <system-out><![CDATA[total number of rows=7
Actual Row Count=3
]]></system-out>
    <system-err><![CDATA[Aug 03, 2025 11:41:17 AM org.openqa.selenium.manager.SeleniumManager lambda$runCommand$1
WARNING: There was an error managing msedgedriver (error sending request for url (https://msedgedriver.azureedge.net/LATEST_RELEASE_138_WINDOWS)); using driver found in the cache
]]></system-err>
  </testcase>
  <testcase name="compare" classname="testScenarios.CompareWebTableDAta" time="0.004">
    <system-out><![CDATA[Item not Matched...
Item not Matched...
Item not Matched...
]]></system-out>
  </testcase>
</testsuite>