<?xml version="1.0" encoding="UTF-8"?>
<testng-results ignored="1" total="12" passed="11" failed="0" skipped="0">
  <reporter-output>
  </reporter-output>
  <suite started-at="2025-08-03T11:40:45 EDT" name="Suite" finished-at="2025-08-03T11:41:20 EDT" duration-ms="35343">
    <groups>
    </groups>
    <test started-at="2025-08-03T11:40:45 EDT" name="Test" finished-at="2025-08-03T11:41:20 EDT" duration-ms="35343">
      <class name="testScenarios.MouseHover">
        <test-method signature="dataPicker()[pri:0, instance:testScenarios.MouseHover@5f058f00]" started-at="2025-08-03T11:41:04 EDT" name="dataPicker" finished-at="2025-08-03T11:41:06 EDT" duration-ms="2714" status="PASS">
          <reporter-output>
          </reporter-output>
        </test-method> <!-- dataPicker -->
        <test-method signature="dragAndDrop()[pri:0, instance:testScenarios.MouseHover@5f058f00]" started-at="2025-08-03T11:41:06 EDT" name="dragAndDrop" finished-at="2025-08-03T11:41:13 EDT" duration-ms="6672" status="PASS">
          <reporter-output>
          </reporter-output>
        </test-method> <!-- dragAndDrop -->
      </class> <!-- testScenarios.MouseHover -->
      <class name="testScenarios.HandlingDynData">
        <test-method signature="dynData()[pri:0, instance:testScenarios.HandlingDynData@20deea7f]" started-at="2025-08-03T11:40:45 EDT" name="dynData" finished-at="2025-08-03T11:40:53 EDT" duration-ms="8512" status="PASS">
          <reporter-output>
          </reporter-output>
        </test-method> <!-- dynData -->
      </class> <!-- testScenarios.HandlingDynData -->
      <class name="testScenarios.ThruTextFile">
        <test-method signature="writeAndreadData()[pri:0, instance:testScenarios.ThruTextFile@72057ecf]" started-at="2025-08-03T11:41:17 EDT" name="writeAndreadData" finished-at="2025-08-03T11:41:17 EDT" duration-ms="20" status="PASS">
          <reporter-output>
          </reporter-output>
        </test-method> <!-- writeAndreadData -->
      </class> <!-- testScenarios.ThruTextFile -->
      <class name="testScenarios.Yahoo">
        <test-method signature="openYahoo()[pri:1, instance:testScenarios.Yahoo@55b7a4e0]" started-at="2025-08-03T11:40:53 EDT" name="openYahoo" description="Launch Yahoo" finished-at="2025-08-03T11:41:00 EDT" duration-ms="6689" status="PASS">
          <reporter-output>
          </reporter-output>
        </test-method> <!-- openYahoo -->
        <test-method signature="loginYahoo()[pri:2, instance:testScenarios.Yahoo@55b7a4e0]" started-at="2025-08-03T11:41:00 EDT" name="loginYahoo" description="Login Yahoo-Soft Assert" finished-at="2025-08-03T11:41:03 EDT" duration-ms="3145" status="PASS">
          <reporter-output>
          </reporter-output>
        </test-method> <!-- loginYahoo -->
        <test-method signature="closeYahoo()[pri:3, instance:testScenarios.Yahoo@55b7a4e0]" started-at="2025-08-03T11:41:03 EDT" name="closeYahoo" description="Close Yahoo" finished-at="2025-08-03T11:41:04 EDT" duration-ms="561" status="PASS">
          <reporter-output>
          </reporter-output>
        </test-method> <!-- closeYahoo -->
      </class> <!-- testScenarios.Yahoo -->
      <class name="testScenarios.SwitchingWin">
        <test-method signature="switchWin()[pri:0, instance:testScenarios.SwitchingWin@192d43ce]" started-at="2025-08-03T11:41:13 EDT" name="switchWin" finished-at="2025-08-03T11:41:17 EDT" duration-ms="3852" status="PASS">
          <reporter-output>
          </reporter-output>
        </test-method> <!-- switchWin -->
      </class> <!-- testScenarios.SwitchingWin -->
      <class name="testScenarios.CompareWebTableDAta">
        <test-method signature="readDataFrmTxt()[pri:1, instance:testScenarios.CompareWebTableDAta@1afd44cb]" started-at="2025-08-03T11:41:17 EDT" name="readDataFrmTxt" finished-at="2025-08-03T11:41:17 EDT" duration-ms="2" status="PASS">
          <reporter-output>
          </reporter-output>
        </test-method> <!-- readDataFrmTxt -->
        <test-method signature="readDataFrmWT()[pri:2, instance:testScenarios.CompareWebTableDAta@1afd44cb]" started-at="2025-08-03T11:41:17 EDT" name="readDataFrmWT" finished-at="2025-08-03T11:41:20 EDT" duration-ms="3107" status="PASS">
          <reporter-output>
          </reporter-output>
        </test-method> <!-- readDataFrmWT -->
        <test-method signature="compare()[pri:3, instance:testScenarios.CompareWebTableDAta@1afd44cb]" started-at="2025-08-03T11:41:20 EDT" name="compare" finished-at="2025-08-03T11:41:20 EDT" duration-ms="1" status="PASS">
          <reporter-output>
          </reporter-output>
        </test-method> <!-- compare -->
      </class> <!-- testScenarios.CompareWebTableDAta -->
    </test> <!-- Test -->
  </suite> <!-- Suite -->
</testng-results>
